Using pre-set license
Built from '2020.2/staging' branch; Version is '2020.2.6f1 (8a2143876886) revision 9052483'; Using compiler version '192528614'; Build Type 'Release'
OS: 'Windows 10 Home Single Language; OS build 19043.985; Version 2009; 64bit' Language: 'tr' Physical Memory: 8104 MB
BatchMode: 1, IsHumanControllingUs: 0, StartBugReporterOnCrash: 0, Is64bit: 1, IsPro: 0

 COMMAND LINE ARGUMENTS:
C:\Program Files\Unity\Editor\Unity.exe
-adb2
-batchMode
-noUpm
-name
AssetImportWorker0
-projectPath
C:/Users/emina/OneDrive/Masaüstü/HacilarSurvival
-logFile
Logs/AssetImportWorker0.log
-srvPort
63516
Successfully changed project path to: C:/Users/emina/OneDrive/Masaüstü/HacilarSurvival
C:/Users/emina/OneDrive/Masaüstü/HacilarSurvival
Using Asset Import Pipeline V2.
Refreshing native plugins compatible for Editor in 91.68 ms, found 1 plugins.
Preloading 0 native plugins for Editor in 0.00 ms.
Initialize engine version: 2020.2.6f1 (8a2143876886)
[Subsystems] Discovering subsystems at path C:/Program Files/Unity/Editor/Data/Resources/UnitySubsystems
[Subsystems] Discovering subsystems at path C:/Users/emina/OneDrive/Masaüstü/HacilarSurvival/Assets
GfxDevice: creating device client; threaded=0
Direct3D:
    Version:  Direct3D 11.0 [level 11.0]
    Renderer: NVIDIA GeForce GTX 860M (ID=0x1392)
    Vendor:   
    VRAM:     2010 MB
    Driver:   27.21.14.6647
Shader 'Universal Render Pipeline/Particles/Lit': fallback shader 'Universal Render Pipeline/Particles/SimpleLit' not found
Initialize mono
Mono path[0] = 'C:/Program Files/Unity/Editor/Data/Managed'
Mono path[1] = 'C:/Program Files/Unity/Editor/Data/MonoBleedingEdge/lib/mono/unityjit'
Mono config path = 'C:/Program Files/Unity/Editor/Data/MonoBleedingEdge/etc'
Using monoOptions --debugger-agent=transport=dt_socket,embedding=1,server=y,suspend=n,address=127.0.0.1:56324
Begin MonoManager ReloadAssembly
Registering precompiled unity dll's ...
Register platform support module: C:/Program Files/Unity/Editor/Data/PlaybackEngines/WindowsStandaloneSupport/UnityEditor.WindowsStandalone.Extensions.dll
Registered in 0.002193 seconds.
Native extension for WindowsStandalone target not found
Refreshing native plugins compatible for Editor in 75.20 ms, found 1 plugins.
Preloading 0 native plugins for Editor in 0.00 ms.
Invoked RoslynAnalysisRunner static constructor.
RoslynAnalysisRunner will not be running.
RoslynAnalysisRunner has terminated.
Mono: successfully reloaded assembly
- Completed reload, in  1.423 seconds
Platform modules already initialized, skipping
Registering precompiled user dll's ...
Registered in 0.002068 seconds.
Begin MonoManager ReloadAssembly
Native extension for WindowsStandalone target not found
Refreshing native plugins compatible for Editor in 83.89 ms, found 1 plugins.
Preloading 0 native plugins for Editor in 0.00 ms.
Invoked RoslynAnalysisRunner static constructor.
RoslynAnalysisRunner will not be running.
RoslynAnalysisRunner has terminated.
Mono: successfully reloaded assembly
- Completed reload, in  1.549 seconds
Platform modules already initialized, skipping
========================================================================
Worker process is ready to serve import requests
Shader 'Universal Render Pipeline/Particles/Lit': fallback shader 'Universal Render Pipeline/Particles/SimpleLit' not found
Launched and connected shader compiler UnityShaderCompiler.exe after 0.11 seconds
Refreshing native plugins compatible for Editor in 0.93 ms, found 1 plugins.
Preloading 0 native plugins for Editor in 0.00 ms.
Unloading 3157 Unused Serialized files (Serialized files now loaded: 0)
System memory in use before: 137.9 MB.
System memory in use after: 138.1 MB.

Unloading 21 unused Assets to reduce memory usage. Loaded Objects now: 3605.
Total: 4.279900 ms (FindLiveObjects: 0.817100 ms CreateObjectMapping: 0.341500 ms MarkObjects: 3.019300 ms  DeleteObjects: 0.100300 ms)

========================================================================
Received Import Request.
  path: Assets/Prefabs/CollectableHealht.prefab
  artifactKey: Guid(73e998eef0be6d641b359959221c7232) Importer(815301076,1909f56bfc062723c751e8b465ee728b)
Start importing Assets/Prefabs/CollectableHealht.prefab using Guid(73e998eef0be6d641b359959221c7232) Importer(815301076,1909f56bfc062723c751e8b465ee728b)  -> (artifact id: '29e84f200bee9fd06c6175d573a402ea') in 0.307249 seconds
  Import took 0.317792 seconds .

========================================================================
Received Import Request.
  Time since last request: 18.096873 seconds.
  path: Assets/Sprites/characters/golem-w-shadow.png
  artifactKey: Guid(bcbffa529cb175f41868bc3dfb2025ae) Importer(815301076,1909f56bfc062723c751e8b465ee728b)
Start importing Assets/Sprites/characters/golem-w-shadow.png using Guid(bcbffa529cb175f41868bc3dfb2025ae) Importer(815301076,1909f56bfc062723c751e8b465ee728b)  -> (artifact id: 'd11e7b8236834debe1496e7c2db8756e') in 0.054550 seconds
  Import took 0.064961 seconds .

========================================================================
Received Import Request.
  Time since last request: 0.000362 seconds.
  path: Assets/Sprites/Food pyramid/Line/Fish and meat/half sausage.png
  artifactKey: Guid(ea987549a3bb94f47bd3ced31b012bea) Importer(815301076,1909f56bfc062723c751e8b465ee728b)
Start importing Assets/Sprites/Food pyramid/Line/Fish and meat/half sausage.png using Guid(ea987549a3bb94f47bd3ced31b012bea) Importer(815301076,1909f56bfc062723c751e8b465ee728b)  -> (artifact id: '8098f16ffc8f5779ad4689a33a424167') in 0.052623 seconds
  Import took 0.061683 seconds .

========================================================================
Received Import Request.
  Time since last request: 0.000389 seconds.
  path: Assets/Sprites/Food pyramid/Line/Fish and meat/half sausage.png
  artifactKey: Guid(ea987549a3bb94f47bd3ced31b012bea) Importer(815301076,1909f56bfc062723c751e8b465ee728b)
Start importing Assets/Sprites/Food pyramid/Line/Fish and meat/half sausage.png using Guid(ea987549a3bb94f47bd3ced31b012bea) Importer(815301076,1909f56bfc062723c751e8b465ee728b)  -> (artifact id: '8098f16ffc8f5779ad4689a33a424167') in 0.021693 seconds
  Import took 0.033601 seconds .

========================================================================
Received Import Request.
  Time since last request: 11.470510 seconds.
  path: Assets/Scripts/CollectableHealth.cs
  artifactKey: Guid(c09d8b2f239abda47b876c8ffc636e36) Importer(815301076,1909f56bfc062723c751e8b465ee728b)
Start importing Assets/Scripts/CollectableHealth.cs using Guid(c09d8b2f239abda47b876c8ffc636e36) Importer(815301076,1909f56bfc062723c751e8b465ee728b)  -> (artifact id: '2a626327981cd381d4c0f9be21569f4e') in 0.017703 seconds
  Import took 0.027722 seconds .

========================================================================
Received Import Request.
  Time since last request: 0.024993 seconds.
  path: Assets/Scripts/CollectableHealth.cs
  artifactKey: Guid(c09d8b2f239abda47b876c8ffc636e36) Importer(815301076,1909f56bfc062723c751e8b465ee728b)
Start importing Assets/Scripts/CollectableHealth.cs using Guid(c09d8b2f239abda47b876c8ffc636e36) Importer(815301076,1909f56bfc062723c751e8b465ee728b)  -> (artifact id: '2a626327981cd381d4c0f9be21569f4e') in 0.017202 seconds
  Import took 0.026280 seconds .

========================================================================
Received Prepare
Registering precompiled user dll's ...
Registered in 0.002066 seconds.
Begin MonoManager ReloadAssembly
Native extension for WindowsStandalone target not found
Refreshing native plugins compatible for Editor in 0.72 ms, found 1 plugins.
Preloading 0 native plugins for Editor in 0.00 ms.
Invoked RoslynAnalysisRunner static constructor.
RoslynAnalysisRunner will not be running.
RoslynAnalysisRunner has terminated.
Mono: successfully reloaded assembly
- Completed reload, in  1.420 seconds
Platform modules already initialized, skipping
Shader 'Universal Render Pipeline/Particles/Lit': fallback shader 'Universal Render Pipeline/Particles/SimpleLit' not found
Refreshing native plugins compatible for Editor in 0.69 ms, found 1 plugins.
Preloading 0 native plugins for Editor in 0.00 ms.
Unloading 3041 Unused Serialized files (Serialized files now loaded: 0)
System memory in use before: 136.7 MB.
System memory in use after: 136.9 MB.

Unloading 10 unused Assets to reduce memory usage. Loaded Objects now: 3656.
Total: 4.946400 ms (FindLiveObjects: 0.438900 ms CreateObjectMapping: 0.419100 ms MarkObjects: 4.054700 ms  DeleteObjects: 0.031600 ms)

========================================================================
Received Import Request.
  Time since last request: 243.654604 seconds.
  path: Assets/Scripts/CollectableHealth.cs
  artifactKey: Guid(c09d8b2f239abda47b876c8ffc636e36) Importer(815301076,1909f56bfc062723c751e8b465ee728b)
Start importing Assets/Scripts/CollectableHealth.cs using Guid(c09d8b2f239abda47b876c8ffc636e36) Importer(815301076,1909f56bfc062723c751e8b465ee728b)  -> (artifact id: '9714b652ae55ae866da78574f6c312b5') in 0.012320 seconds
  Import took 0.024517 seconds .

========================================================================
Received Prepare
Registering precompiled user dll's ...
Registered in 0.002327 seconds.
Begin MonoManager ReloadAssembly
Native extension for WindowsStandalone target not found
Refreshing native plugins compatible for Editor in 0.74 ms, found 1 plugins.
Preloading 0 native plugins for Editor in 0.00 ms.
Invoked RoslynAnalysisRunner static constructor.
RoslynAnalysisRunner will not be running.
RoslynAnalysisRunner has terminated.
Mono: successfully reloaded assembly
- Completed reload, in  1.545 seconds
Platform modules already initialized, skipping
Shader 'Universal Render Pipeline/Particles/Lit': fallback shader 'Universal Render Pipeline/Particles/SimpleLit' not found
Refreshing native plugins compatible for Editor in 0.74 ms, found 1 plugins.
Preloading 0 native plugins for Editor in 0.00 ms.
Unloading 3041 Unused Serialized files (Serialized files now loaded: 0)
System memory in use before: 136.8 MB.
System memory in use after: 137.0 MB.

Unloading 10 unused Assets to reduce memory usage. Loaded Objects now: 3658.
Total: 5.168900 ms (FindLiveObjects: 0.557800 ms CreateObjectMapping: 0.385900 ms MarkObjects: 4.195500 ms  DeleteObjects: 0.027900 ms)

AssetImportWorkerClient::OnTransportError - code=2 error=End of file
